<?xml version="1.0" encoding="UTF-8"?>
<testng-results skipped="0" failed="0" total="2" passed="2">
  <reporter-output>
  </reporter-output>
  <suite name="Default suite" duration-ms="26613" started-at="2017-12-22T09:54:46Z" finished-at="2017-12-22T09:55:13Z">
    <groups>
    </groups>
    <test name="Default test" duration-ms="26613" started-at="2017-12-22T09:54:46Z" finished-at="2017-12-22T09:55:13Z">
      <class name="hybrid.TestExecution">
        <test-method status="PASS" signature="browser()[pri:0, instance:hybrid.TestExecution@667a738]" name="browser" is-config="true" duration-ms="4415" started-at="2017-12-22T15:24:46Z" finished-at="2017-12-22T15:24:50Z">
          <reporter-output>
          </reporter-output>
        </test-method> <!-- browser -->
        <test-method status="PASS" signature="testLogin(java.lang.String, java.lang.String, java.lang.String, java.lang.String, java.lang.String)[pri:0, instance:hybrid.TestExecution@667a738]" name="testLogin" duration-ms="10615" started-at="2017-12-22T15:24:51Z" data-provider="hybridData" finished-at="2017-12-22T15:25:01Z">
          <params>
            <param index="0">
              <value>
                <![CDATA[Login]]>
              </value>
            </param>
            <param index="1">
              <value>
                <![CDATA[TC-001]]>
              </value>
            </param>
            <param index="2">
              <value>
                <![CDATA[Y]]>
              </value>
            </param>
            <param index="3">
              <value is-null="true"/>
            </param>
            <param index="4">
              <value is-null="true"/>
            </param>
          </params>
          <reporter-output>
          </reporter-output>
        </test-method> <!-- testLogin -->
        <test-method status="PASS" signature="testLogin(java.lang.String, java.lang.String, java.lang.String, java.lang.String, java.lang.String)[pri:0, instance:hybrid.TestExecution@667a738]" name="testLogin" duration-ms="1261" started-at="2017-12-22T15:25:01Z" data-provider="hybridData" finished-at="2017-12-22T15:25:03Z">
          <params>
            <param index="0">
              <value>
                <![CDATA[Registration]]>
              </value>
            </param>
            <param index="1">
              <value>
                <![CDATA[TC-002]]>
              </value>
            </param>
            <param index="2">
              <value>
                <![CDATA[Y]]>
              </value>
            </param>
            <param index="3">
              <value is-null="true"/>
            </param>
            <param index="4">
              <value is-null="true"/>
            </param>
          </params>
          <reporter-output>
          </reporter-output>
        </test-method> <!-- testLogin -->
        <test-method status="PASS" signature="result()[pri:0, instance:hybrid.TestExecution@667a738]" name="result" is-config="true" duration-ms="9874" started-at="2017-12-22T15:25:03Z" finished-at="2017-12-22T15:25:13Z">
          <reporter-output>
          </reporter-output>
        </test-method> <!-- result -->
      </class> <!-- hybrid.TestExecution -->
    </test> <!-- Default test -->
  </suite> <!-- Default suite -->
</testng-results>
